build/app/intermediates/manifest_merge_blame_file/debug/manifest-merger-blame-debug-report.txt
1<?xml version="1.0" encoding="utf-8"?>
2<manifest xmlns:android="http://schemas.android.com/apk/res/android"
3    package="com.example.term_project"
4    android:versionCode="1"
5    android:versionName="1.0.0" >
6
7    <uses-sdk
8        android:minSdkVersion="21"
9        android:targetSdkVersion="30" />
10    <!--
11         The INTERNET permission is required for development. Specifically,
12         the Flutter tool needs it to communicate with the running application
13         to allow setting breakpoints, to provide hot reload, etc.
14    -->
15    <uses-permission android:name="android.permission.INTERNET" />
15-->src\debug\AndroidManifest.xml:7:5-66
15-->src\debug\AndroidManifest.xml:7:22-64
16    <uses-permission android:name="android.permission.WAKE_LOCK" />
16-->[:firebase_messaging] AndroidManifest.xml:10:5-68
16-->[:firebase_messaging] AndroidManifest.xml:10:22-65
17    <uses-permission android:name="android.permission.ACCESS_NETWORK_STATE" /> <!-- Permissions options for the `notification` group -->
17-->[:firebase_messaging] AndroidManifest.xml:11:5-79
17-->[:firebase_messaging] AndroidManifest.xml:11:22-76
18    <uses-permission android:name="android.permission.POST_NOTIFICATIONS" />
18-->[:firebase_messaging] AndroidManifest.xml:13:5-77
18-->[:firebase_messaging] AndroidManifest.xml:13:22-74
19    <uses-permission android:name="android.permission.RECEIVE_BOOT_COMPLETED" />
19-->[:flutter_local_notifications] AndroidManifest.xml:9:5-81
19-->[:flutter_local_notifications] AndroidManifest.xml:9:22-78
20    <uses-permission android:name="android.permission.VIBRATE" />
20-->[:flutter_local_notifications] AndroidManifest.xml:10:5-66
20-->[:flutter_local_notifications] AndroidManifest.xml:10:22-63
21    <uses-permission android:name="android.permission.USE_FULL_SCREEN_INTENT" />
21-->[:flutter_local_notifications] AndroidManifest.xml:11:5-81
21-->[:flutter_local_notifications] AndroidManifest.xml:11:22-78
22    <uses-permission android:name="android.permission.SCHEDULE_EXACT_ALARM" /> <!-- Required by older versions of Google Play services to create IID tokens -->
22-->[:flutter_local_notifications] AndroidManifest.xml:12:5-79
22-->[:flutter_local_notifications] AndroidManifest.xml:12:22-76
23    <uses-permission android:name="com.google.android.c2dm.permission.RECEIVE" />
23-->[com.google.firebase:firebase-messaging:23.1.1] AndroidManifest.xml:28:5-82
23-->[com.google.firebase:firebase-messaging:23.1.1] AndroidManifest.xml:28:22-79
24
25    <application
26        android:name="android.app.Application"
27        android:appComponentFactory="androidx.core.app.CoreComponentFactory"
27-->[androidx.core:core:1.6.0] AndroidManifest.xml:24:18-86
28        android:debuggable="true"
29        android:icon="@mipmap/ic_launcher"
30        android:label="BookBud" >
31        <activity
32            android:name="com.example.term_project.MainActivity"
33            android:configChanges="orientation|keyboardHidden|keyboard|screenSize|smallestScreenSize|locale|layoutDirection|fontScale|screenLayout|density|uiMode"
34            android:exported="true"
35            android:hardwareAccelerated="true"
36            android:launchMode="singleTop"
37            android:theme="@style/LaunchTheme"
38            android:windowSoftInputMode="adjustResize" >
39
40            <!--
41                 Specifies an Android theme to apply to this Activity as soon as
42                 the Android process has started. This theme is visible to the user
43                 while the Flutter UI initializes. After that, this theme continues
44                 to determine the Window background behind the Flutter UI.
45            -->
46            <meta-data
47                android:name="io.flutter.embedding.android.NormalTheme"
48                android:resource="@style/NormalTheme" />
49
50            <intent-filter>
51                <action android:name="android.intent.action.MAIN" />
52
53                <category android:name="android.intent.category.LAUNCHER" />
54            </intent-filter>
55        </activity>
56        <!--
57             Don't delete the meta-data below.
58             This is used by the Flutter tool to generate GeneratedPluginRegistrant.java
59        -->
60        <meta-data
61            android:name="flutterEmbedding"
62            android:value="2" />
63
64        <service
64-->[:firebase_auth] AndroidManifest.xml:10:9-14:19
65            android:name="com.google.firebase.components.ComponentDiscoveryService"
65-->[:firebase_auth] AndroidManifest.xml:10:18-89
66            android:directBootAware="true"
66-->[com.google.firebase:firebase-common:20.2.0] AndroidManifest.xml:34:13-43
67            android:exported="false" >
67-->[com.google.firebase:firebase-messaging:23.1.1] AndroidManifest.xml:54:13-37
68            <meta-data
68-->[:firebase_auth] AndroidManifest.xml:11:13-13:85
69                android:name="com.google.firebase.components:io.flutter.plugins.firebase.auth.FlutterFirebaseAuthRegistrar"
69-->[:firebase_auth] AndroidManifest.xml:12:17-124
70                android:value="com.google.firebase.components.ComponentRegistrar" />
70-->[:firebase_auth] AndroidManifest.xml:13:17-82
71            <meta-data
71-->[:firebase_database] AndroidManifest.xml:11:13-13:85
72                android:name="com.google.firebase.components:io.flutter.plugins.firebase.database.FlutterFirebaseAppRegistrar"
72-->[:firebase_database] AndroidManifest.xml:12:17-127
73                android:value="com.google.firebase.components.ComponentRegistrar" />
73-->[:firebase_database] AndroidManifest.xml:13:17-82
74            <meta-data
74-->[:firebase_messaging] AndroidManifest.xml:38:13-40:85
75                android:name="com.google.firebase.components:io.flutter.plugins.firebase.messaging.FlutterFirebaseAppRegistrar"
75-->[:firebase_messaging] AndroidManifest.xml:39:17-128
76                android:value="com.google.firebase.components.ComponentRegistrar" />
76-->[:firebase_messaging] AndroidManifest.xml:40:17-82
77            <meta-data
77-->[:firebase_core] AndroidManifest.xml:11:13-13:85
78                android:name="com.google.firebase.components:io.flutter.plugins.firebase.core.FlutterFirebaseCoreRegistrar"
78-->[:firebase_core] AndroidManifest.xml:12:17-124
79                android:value="com.google.firebase.components.ComponentRegistrar" />
79-->[:firebase_core] AndroidManifest.xml:13:17-82
80            <meta-data
80-->[com.google.firebase:firebase-messaging:23.1.1] AndroidManifest.xml:55:13-57:85
81                android:name="com.google.firebase.components:com.google.firebase.messaging.FirebaseMessagingRegistrar"
81-->[com.google.firebase:firebase-messaging:23.1.1] AndroidManifest.xml:56:17-119
82                android:value="com.google.firebase.components.ComponentRegistrar" />
82-->[com.google.firebase:firebase-messaging:23.1.1] AndroidManifest.xml:57:17-82
83            <meta-data
83-->[com.google.firebase:firebase-datatransport:18.1.7] AndroidManifest.xml:27:13-29:85
84                android:name="com.google.firebase.components:com.google.firebase.datatransport.TransportRegistrar"
84-->[com.google.firebase:firebase-datatransport:18.1.7] AndroidManifest.xml:28:17-115
85                android:value="com.google.firebase.components.ComponentRegistrar" />
85-->[com.google.firebase:firebase-datatransport:18.1.7] AndroidManifest.xml:29:17-82
86            <meta-data
86-->[com.google.firebase:firebase-auth:21.1.0] AndroidManifest.xml:67:13-69:85
87                android:name="com.google.firebase.components:com.google.firebase.auth.FirebaseAuthRegistrar"
87-->[com.google.firebase:firebase-auth:21.1.0] AndroidManifest.xml:68:17-109
88                android:value="com.google.firebase.components.ComponentRegistrar" />
88-->[com.google.firebase:firebase-auth:21.1.0] AndroidManifest.xml:69:17-82
89            <meta-data
89-->[com.google.firebase:firebase-database:20.1.0] AndroidManifest.xml:31:13-33:85
90                android:name="com.google.firebase.components:com.google.firebase.database.DatabaseRegistrar"
90-->[com.google.firebase:firebase-database:20.1.0] AndroidManifest.xml:32:17-109
91                android:value="com.google.firebase.components.ComponentRegistrar" />
91-->[com.google.firebase:firebase-database:20.1.0] AndroidManifest.xml:33:17-82
92            <meta-data
92-->[com.google.firebase:firebase-iid:21.1.0] AndroidManifest.xml:32:13-34:85
93                android:name="com.google.firebase.components:com.google.firebase.iid.Registrar"
93-->[com.google.firebase:firebase-iid:21.1.0] AndroidManifest.xml:33:17-96
94                android:value="com.google.firebase.components.ComponentRegistrar" />
94-->[com.google.firebase:firebase-iid:21.1.0] AndroidManifest.xml:34:17-82
95            <meta-data
95-->[com.google.firebase:firebase-installations:17.1.0] AndroidManifest.xml:17:13-19:85
96                android:name="com.google.firebase.components:com.google.firebase.installations.FirebaseInstallationsRegistrar"
96-->[com.google.firebase:firebase-installations:17.1.0] AndroidManifest.xml:18:17-127
97                android:value="com.google.firebase.components.ComponentRegistrar" />
97-->[com.google.firebase:firebase-installations:17.1.0] AndroidManifest.xml:19:17-82
98        </service>
99        <service
99-->[:firebase_messaging] AndroidManifest.xml:16:9-19:72
100            android:name="io.flutter.plugins.firebase.messaging.FlutterFirebaseMessagingBackgroundService"
100-->[:firebase_messaging] AndroidManifest.xml:17:13-107
101            android:exported="false"
101-->[:firebase_messaging] AndroidManifest.xml:18:13-37
102            android:permission="android.permission.BIND_JOB_SERVICE" />
102-->[:firebase_messaging] AndroidManifest.xml:19:13-69
103        <service
103-->[:firebase_messaging] AndroidManifest.xml:20:9-26:19
104            android:name="io.flutter.plugins.firebase.messaging.FlutterFirebaseMessagingService"
104-->[:firebase_messaging] AndroidManifest.xml:21:13-97
105            android:exported="false" >
105-->[:firebase_messaging] AndroidManifest.xml:22:13-37
106            <intent-filter>
106-->[:firebase_messaging] AndroidManifest.xml:23:13-25:29
107                <action android:name="com.google.firebase.MESSAGING_EVENT" />
107-->[:firebase_messaging] AndroidManifest.xml:24:17-78
107-->[:firebase_messaging] AndroidManifest.xml:24:25-75
108            </intent-filter>
109        </service>
110
111        <receiver
111-->[:firebase_messaging] AndroidManifest.xml:28:9-35:20
112            android:name="io.flutter.plugins.firebase.messaging.FlutterFirebaseMessagingReceiver"
112-->[:firebase_messaging] AndroidManifest.xml:29:13-98
113            android:exported="true"
113-->[:firebase_messaging] AndroidManifest.xml:30:13-36
114            android:permission="com.google.android.c2dm.permission.SEND" >
114-->[:firebase_messaging] AndroidManifest.xml:31:13-73
115            <intent-filter>
115-->[:firebase_messaging] AndroidManifest.xml:32:13-34:29
116                <action android:name="com.google.android.c2dm.intent.RECEIVE" />
116-->[:firebase_messaging] AndroidManifest.xml:33:17-81
116-->[:firebase_messaging] AndroidManifest.xml:33:25-78
117            </intent-filter>
118        </receiver>
119
120        <provider
120-->[:firebase_messaging] AndroidManifest.xml:43:9-47:38
121            android:name="io.flutter.plugins.firebase.messaging.FlutterFirebaseMessagingInitProvider"
121-->[:firebase_messaging] AndroidManifest.xml:44:13-102
122            android:authorities="com.example.term_project.flutterfirebasemessaginginitprovider"
122-->[:firebase_messaging] AndroidManifest.xml:45:13-88
123            android:exported="false"
123-->[:firebase_messaging] AndroidManifest.xml:46:13-37
124            android:initOrder="99" />
124-->[:firebase_messaging] AndroidManifest.xml:47:13-35
125
126        <receiver
126-->[:flutter_local_notifications] AndroidManifest.xml:16:9-18:40
127            android:name="com.dexterous.flutterlocalnotifications.ScheduledNotificationReceiver"
127-->[:flutter_local_notifications] AndroidManifest.xml:17:13-97
128            android:exported="false" />
128-->[:flutter_local_notifications] AndroidManifest.xml:18:13-37
129        <receiver
129-->[:flutter_local_notifications] AndroidManifest.xml:19:9-28:20
130            android:name="com.dexterous.flutterlocalnotifications.ScheduledNotificationBootReceiver"
130-->[:flutter_local_notifications] AndroidManifest.xml:20:13-101
131            android:exported="false" >
131-->[:flutter_local_notifications] AndroidManifest.xml:21:13-37
132            <intent-filter>
132-->[:flutter_local_notifications] AndroidManifest.xml:22:13-27:29
133                <action android:name="android.intent.action.BOOT_COMPLETED" />
133-->[:flutter_local_notifications] AndroidManifest.xml:23:17-79
133-->[:flutter_local_notifications] AndroidManifest.xml:23:25-76
134                <action android:name="android.intent.action.MY_PACKAGE_REPLACED" />
134-->[:flutter_local_notifications] AndroidManifest.xml:24:17-84
134-->[:flutter_local_notifications] AndroidManifest.xml:24:25-81
135                <action android:name="android.intent.action.QUICKBOOT_POWERON" />
135-->[:flutter_local_notifications] AndroidManifest.xml:25:17-82
135-->[:flutter_local_notifications] AndroidManifest.xml:25:25-79
136                <action android:name="com.htc.intent.action.QUICKBOOT_POWERON" />
136-->[:flutter_local_notifications] AndroidManifest.xml:26:17-82
136-->[:flutter_local_notifications] AndroidManifest.xml:26:25-79
137            </intent-filter>
138        </receiver>
139
140        <uses-library
140-->[androidx.window:window:1.0.0] AndroidManifest.xml:25:9-27:40
141            android:name="androidx.window.extensions"
141-->[androidx.window:window:1.0.0] AndroidManifest.xml:26:13-54
142            android:required="false" />
142-->[androidx.window:window:1.0.0] AndroidManifest.xml:27:13-37
143        <uses-library
143-->[androidx.window:window:1.0.0] AndroidManifest.xml:28:9-30:40
144            android:name="androidx.window.sidecar"
144-->[androidx.window:window:1.0.0] AndroidManifest.xml:29:13-51
145            android:required="false" />
145-->[androidx.window:window:1.0.0] AndroidManifest.xml:30:13-37
146
147        <receiver
147-->[com.google.firebase:firebase-messaging:23.1.1] AndroidManifest.xml:31:9-38:20
148            android:name="com.google.firebase.iid.FirebaseInstanceIdReceiver"
148-->[com.google.firebase:firebase-messaging:23.1.1] AndroidManifest.xml:32:13-78
149            android:exported="true"
149-->[com.google.firebase:firebase-messaging:23.1.1] AndroidManifest.xml:33:13-36
150            android:permission="com.google.android.c2dm.permission.SEND" >
150-->[com.google.firebase:firebase-messaging:23.1.1] AndroidManifest.xml:34:13-73
151            <intent-filter>
151-->[:firebase_messaging] AndroidManifest.xml:32:13-34:29
152                <action android:name="com.google.android.c2dm.intent.RECEIVE" />
152-->[:firebase_messaging] AndroidManifest.xml:33:17-81
152-->[:firebase_messaging] AndroidManifest.xml:33:25-78
153            </intent-filter>
154        </receiver>
155        <!--
156             FirebaseMessagingService performs security checks at runtime,
157             but set to not exported to explicitly avoid allowing another app to call it.
158        -->
159        <service
159-->[com.google.firebase:firebase-messaging:23.1.1] AndroidManifest.xml:44:9-51:19
160            android:name="com.google.firebase.messaging.FirebaseMessagingService"
160-->[com.google.firebase:firebase-messaging:23.1.1] AndroidManifest.xml:45:13-82
161            android:directBootAware="true"
161-->[com.google.firebase:firebase-messaging:23.1.1] AndroidManifest.xml:46:13-43
162            android:exported="false" >
162-->[com.google.firebase:firebase-messaging:23.1.1] AndroidManifest.xml:47:13-37
163            <intent-filter android:priority="-500" >
163-->[:firebase_messaging] AndroidManifest.xml:23:13-25:29
164                <action android:name="com.google.firebase.MESSAGING_EVENT" />
164-->[:firebase_messaging] AndroidManifest.xml:24:17-78
164-->[:firebase_messaging] AndroidManifest.xml:24:25-75
165            </intent-filter>
166        </service>
167        <service
167-->[com.google.android.datatransport:transport-backend-cct:3.1.8] AndroidManifest.xml:28:9-34:19
168            android:name="com.google.android.datatransport.runtime.backends.TransportBackendDiscovery"
168-->[com.google.android.datatransport:transport-backend-cct:3.1.8] AndroidManifest.xml:29:13-103
169            android:exported="false" >
169-->[com.google.android.datatransport:transport-backend-cct:3.1.8] AndroidManifest.xml:30:13-37
170            <meta-data
170-->[com.google.android.datatransport:transport-backend-cct:3.1.8] AndroidManifest.xml:31:13-33:39
171                android:name="backend:com.google.android.datatransport.cct.CctBackendFactory"
171-->[com.google.android.datatransport:transport-backend-cct:3.1.8] AndroidManifest.xml:32:17-94
172                android:value="cct" />
172-->[com.google.android.datatransport:transport-backend-cct:3.1.8] AndroidManifest.xml:33:17-36
173        </service>
174        <service
174-->[com.google.android.datatransport:transport-runtime:3.1.8] AndroidManifest.xml:26:9-30:19
175            android:name="com.google.android.datatransport.runtime.scheduling.jobscheduling.JobInfoSchedulerService"
175-->[com.google.android.datatransport:transport-runtime:3.1.8] AndroidManifest.xml:27:13-117
176            android:exported="false"
176-->[com.google.android.datatransport:transport-runtime:3.1.8] AndroidManifest.xml:28:13-37
177            android:permission="android.permission.BIND_JOB_SERVICE" >
177-->[com.google.android.datatransport:transport-runtime:3.1.8] AndroidManifest.xml:29:13-69
178        </service>
179
180        <receiver
180-->[com.google.android.datatransport:transport-runtime:3.1.8] AndroidManifest.xml:32:9-34:40
181            android:name="com.google.android.datatransport.runtime.scheduling.jobscheduling.AlarmManagerSchedulerBroadcastReceiver"
181-->[com.google.android.datatransport:transport-runtime:3.1.8] AndroidManifest.xml:33:13-132
182            android:exported="false" />
182-->[com.google.android.datatransport:transport-runtime:3.1.8] AndroidManifest.xml:34:13-37
183
184        <activity
184-->[com.google.firebase:firebase-auth:21.1.0] AndroidManifest.xml:27:9-44:20
185            android:name="com.google.firebase.auth.internal.GenericIdpActivity"
185-->[com.google.firebase:firebase-auth:21.1.0] AndroidManifest.xml:28:13-80
186            android:excludeFromRecents="true"
186-->[com.google.firebase:firebase-auth:21.1.0] AndroidManifest.xml:29:13-46
187            android:exported="true"
187-->[com.google.firebase:firebase-auth:21.1.0] AndroidManifest.xml:30:13-36
188            android:launchMode="singleTask"
188-->[com.google.firebase:firebase-auth:21.1.0] AndroidManifest.xml:31:13-44
189            android:theme="@android:style/Theme.Translucent.NoTitleBar" >
189-->[com.google.firebase:firebase-auth:21.1.0] AndroidManifest.xml:32:13-72
190            <intent-filter>
190-->[com.google.firebase:firebase-auth:21.1.0] AndroidManifest.xml:33:13-43:29
191                <action android:name="android.intent.action.VIEW" />
191-->[com.google.firebase:firebase-auth:21.1.0] AndroidManifest.xml:34:17-69
191-->[com.google.firebase:firebase-auth:21.1.0] AndroidManifest.xml:34:25-66
192
193                <category android:name="android.intent.category.DEFAULT" />
193-->[com.google.firebase:firebase-auth:21.1.0] AndroidManifest.xml:36:17-76
193-->[com.google.firebase:firebase-auth:21.1.0] AndroidManifest.xml:36:27-73
194                <category android:name="android.intent.category.BROWSABLE" />
194-->[com.google.firebase:firebase-auth:21.1.0] AndroidManifest.xml:37:17-78
194-->[com.google.firebase:firebase-auth:21.1.0] AndroidManifest.xml:37:27-75
195
196                <data
196-->[com.google.firebase:firebase-auth:21.1.0] AndroidManifest.xml:39:17-42:51
197                    android:host="firebase.auth"
197-->[com.google.firebase:firebase-auth:21.1.0] AndroidManifest.xml:40:21-49
198                    android:path="/"
198-->[com.google.firebase:firebase-auth:21.1.0] AndroidManifest.xml:41:21-37
199                    android:scheme="genericidp" />
199-->[com.google.firebase:firebase-auth:21.1.0] AndroidManifest.xml:42:21-48
200            </intent-filter>
201        </activity>
202        <activity
202-->[com.google.firebase:firebase-auth:21.1.0] AndroidManifest.xml:45:9-62:20
203            android:name="com.google.firebase.auth.internal.RecaptchaActivity"
203-->[com.google.firebase:firebase-auth:21.1.0] AndroidManifest.xml:46:13-79
204            android:excludeFromRecents="true"
204-->[com.google.firebase:firebase-auth:21.1.0] AndroidManifest.xml:47:13-46
205            android:exported="true"
205-->[com.google.firebase:firebase-auth:21.1.0] AndroidManifest.xml:48:13-36
206            android:launchMode="singleTask"
206-->[com.google.firebase:firebase-auth:21.1.0] AndroidManifest.xml:49:13-44
207            android:theme="@android:style/Theme.Translucent.NoTitleBar" >
207-->[com.google.firebase:firebase-auth:21.1.0] AndroidManifest.xml:50:13-72
208            <intent-filter>
208-->[com.google.firebase:firebase-auth:21.1.0] AndroidManifest.xml:51:13-61:29
209                <action android:name="android.intent.action.VIEW" />
209-->[com.google.firebase:firebase-auth:21.1.0] AndroidManifest.xml:34:17-69
209-->[com.google.firebase:firebase-auth:21.1.0] AndroidManifest.xml:34:25-66
210
211                <category android:name="android.intent.category.DEFAULT" />
211-->[com.google.firebase:firebase-auth:21.1.0] AndroidManifest.xml:36:17-76
211-->[com.google.firebase:firebase-auth:21.1.0] AndroidManifest.xml:36:27-73
212                <category android:name="android.intent.category.BROWSABLE" />
212-->[com.google.firebase:firebase-auth:21.1.0] AndroidManifest.xml:37:17-78
212-->[com.google.firebase:firebase-auth:21.1.0] AndroidManifest.xml:37:27-75
213
214                <data
214-->[com.google.firebase:firebase-auth:21.1.0] AndroidManifest.xml:39:17-42:51
215                    android:host="firebase.auth"
215-->[com.google.firebase:firebase-auth:21.1.0] AndroidManifest.xml:40:21-49
216                    android:path="/"
216-->[com.google.firebase:firebase-auth:21.1.0] AndroidManifest.xml:41:21-37
217                    android:scheme="recaptcha" />
217-->[com.google.firebase:firebase-auth:21.1.0] AndroidManifest.xml:42:21-48
218            </intent-filter>
219        </activity>
220
221        <provider
221-->[com.google.firebase:firebase-common:20.2.0] AndroidManifest.xml:25:9-30:39
222            android:name="com.google.firebase.provider.FirebaseInitProvider"
222-->[com.google.firebase:firebase-common:20.2.0] AndroidManifest.xml:26:13-77
223            android:authorities="com.example.term_project.firebaseinitprovider"
223-->[com.google.firebase:firebase-common:20.2.0] AndroidManifest.xml:27:13-72
224            android:directBootAware="true"
224-->[com.google.firebase:firebase-common:20.2.0] AndroidManifest.xml:28:13-43
225            android:exported="false"
225-->[com.google.firebase:firebase-common:20.2.0] AndroidManifest.xml:29:13-37
226            android:initOrder="100" />
226-->[com.google.firebase:firebase-common:20.2.0] AndroidManifest.xml:30:13-36
227
228        <activity
228-->[com.google.android.gms:play-services-auth:20.4.1] AndroidManifest.xml:23:9-27:75
229            android:name="com.google.android.gms.auth.api.signin.internal.SignInHubActivity"
229-->[com.google.android.gms:play-services-auth:20.4.1] AndroidManifest.xml:24:13-93
230            android:excludeFromRecents="true"
230-->[com.google.android.gms:play-services-auth:20.4.1] AndroidManifest.xml:25:13-46
231            android:exported="false"
231-->[com.google.android.gms:play-services-auth:20.4.1] AndroidManifest.xml:26:13-37
232            android:theme="@android:style/Theme.Translucent.NoTitleBar" />
232-->[com.google.android.gms:play-services-auth:20.4.1] AndroidManifest.xml:27:13-72
233        <!--
234            Service handling Google Sign-In user revocation. For apps that do not integrate with
235            Google Sign-In, this service will never be started.
236        -->
237        <service
237-->[com.google.android.gms:play-services-auth:20.4.1] AndroidManifest.xml:33:9-37:51
238            android:name="com.google.android.gms.auth.api.signin.RevocationBoundService"
238-->[com.google.android.gms:play-services-auth:20.4.1] AndroidManifest.xml:34:13-89
239            android:exported="true"
239-->[com.google.android.gms:play-services-auth:20.4.1] AndroidManifest.xml:35:13-36
240            android:permission="com.google.android.gms.auth.api.signin.permission.REVOCATION_NOTIFICATION"
240-->[com.google.android.gms:play-services-auth:20.4.1] AndroidManifest.xml:36:13-107
241            android:visibleToInstantApps="true" />
241-->[com.google.android.gms:play-services-auth:20.4.1] AndroidManifest.xml:37:13-48
242
243        <activity
243-->[com.google.android.gms:play-services-base:18.0.1] AndroidManifest.xml:20:9-22:45
244            android:name="com.google.android.gms.common.api.GoogleApiActivity"
244-->[com.google.android.gms:play-services-base:18.0.1] AndroidManifest.xml:20:19-85
245            android:exported="false"
245-->[com.google.android.gms:play-services-base:18.0.1] AndroidManifest.xml:22:19-43
246            android:theme="@android:style/Theme.Translucent.NoTitleBar" />
246-->[com.google.android.gms:play-services-base:18.0.1] AndroidManifest.xml:21:19-78
247
248        <meta-data
248-->[com.google.android.gms:play-services-basement:18.1.0] AndroidManifest.xml:21:9-23:69
249            android:name="com.google.android.gms.version"
249-->[com.google.android.gms:play-services-basement:18.1.0] AndroidManifest.xml:22:13-58
250            android:value="@integer/google_play_services_version" />
250-->[com.google.android.gms:play-services-basement:18.1.0] AndroidManifest.xml:23:13-66
251    </application>
252
253</manifest>